<?xml version="1.0" encoding="UTF-8"?>
<!-- Generated by org.testng.reporters.JUnitXMLReporter -->
<testsuite hostname="IMCBCP464-MSL1" ignored="0" name="Car Loan" tests="6" failures="0" timestamp="2020-09-01T21:49:54 IST" time="0.055" errors="0">
  <testcase name="MobileloginCarLoan" time="0.004" classname="test.day3"/>
  <testcase name="MobileloginCarLoan2" time="0.001" classname="test.day3"/>
  <testcase name="MobileloginCarLoan2" time="0.001" classname="test.day3"/>
  <testcase name="MobileloginCarLoan2" time="0.001" classname="test.day3"/>
  <testcase name="MobileloginCarLoan3" time="0.004" classname="test.day3"/>
  <testcase name="APILoginCarLoan" time="0.002" classname="test.day3"/>
</testsuite> <!-- Car Loan -->
